Started GET "/" for 127.0.0.1 at 2022-12-28 15:19:34 -0300
Processing by Rails::WelcomeController#index as HTML
  Rendering /var/lib/gems/2.7.0/gems/railties-7.0.4/lib/rails/templates/rails/welcome/index.html.erb
  Rendered /var/lib/gems/2.7.0/gems/railties-7.0.4/lib/rails/templates/rails/welcome/index.html.erb (Duration: 34.0ms | Allocations: 773)
Completed 200 OK in 229ms (Views: 125.2ms | ActiveRecord: 0.0ms | Allocations: 6764)


Started GET "/ola" for 127.0.0.1 at 2022-12-28 15:26:16 -0300
  
ActionController::RoutingError (uninitialized constant HomeController):
  
Started GET "/ola" for 127.0.0.1 at 2022-12-28 15:28:37 -0300
Processing by HomeController#ola as HTML
Completed 406 Not Acceptable in 17ms (Allocations: 649)


  
ActionController::MissingExactTemplate (HomeController#ola is missing a template for request formats: text/html):
  
actionpack (7.0.4) lib/action_controller/metal/implicit_render.rb:45:in `default_render'
actionpack (7.0.4) lib/action_controller/metal/basic_implicit_render.rb:6:in `block in send_action'
actionpack (7.0.4) lib/action_controller/metal/basic_implicit_render.rb:6:in `tap'
actionpack (7.0.4) lib/action_controller/metal/basic_implicit_render.rb:6:in `send_action'
actionpack (7.0.4) lib/abstract_controller/base.rb:215:in `process_action'
actionpack (7.0.4) lib/action_controller/metal/rendering.rb:53:in `process_action'
actionpack (7.0.4) lib/abstract_controller/callbacks.rb:234:in `block in process_action'
activesupport (7.0.4) lib/active_support/callbacks.rb:118:in `block in run_callbacks'
actiontext (7.0.4) lib/action_text/rendering.rb:20:in `with_renderer'
actiontext (7.0.4) lib/action_text/engine.rb:69:in `block (4 levels) in <class:Engine>'
activesupport (7.0.4) lib/active_support/callbacks.rb:127:in `instance_exec'
activesupport (7.0.4) lib/active_support/callbacks.rb:127:in `block in run_callbacks'
activesupport (7.0.4) lib/active_support/callbacks.rb:138:in `run_callbacks'
actionpack (7.0.4) lib/abstract_controller/callbacks.rb:233:in `process_action'
actionpack (7.0.4) lib/action_controller/metal/rescue.rb:22:in `process_action'
actionpack (7.0.4) lib/action_controller/metal/instrumentation.rb:67:in `block in process_action'
activesupport (7.0.4) lib/active_support/notifications.rb:206:in `block in instrument'
activesupport (7.0.4) lib/active_support/notifications/instrumenter.rb:24:in `instrument'
activesupport (7.0.4) lib/active_support/notifications.rb:206:in `instrument'
actionpack (7.0.4) lib/action_controller/metal/instrumentation.rb:66:in `process_action'
actionpack (7.0.4) lib/action_controller/metal/params_wrapper.rb:259:in `process_action'
activerecord (7.0.4) lib/active_record/railties/controller_runtime.rb:27:in `process_action'
actionpack (7.0.4) lib/abstract_controller/base.rb:151:in `process'
actionview (7.0.4) lib/action_view/rendering.rb:39:in `process'
actionpack (7.0.4) lib/action_controller/metal.rb:188:in `dispatch'
actionpack (7.0.4) lib/action_controller/metal.rb:251:in `dispatch'
actionpack (7.0.4) lib/action_dispatch/routing/route_set.rb:49:in `dispatch'
actionpack (7.0.4) lib/action_dispatch/routing/route_set.rb:32:in `serve'
actionpack (7.0.4) lib/action_dispatch/journey/router.rb:50:in `block in serve'
actionpack (7.0.4) lib/action_dispatch/journey/router.rb:32:in `each'
actionpack (7.0.4) lib/action_dispatch/journey/router.rb:32:in `serve'
actionpack (7.0.4) lib/action_dispatch/routing/route_set.rb:852:in `call'
rack (2.2.5) lib/rack/tempfile_reaper.rb:15:in `call'
rack (2.2.5) lib/rack/etag.rb:27:in `call'
rack (2.2.5) lib/rack/conditional_get.rb:27:in `call'
rack (2.2.5) lib/rack/head.rb:12:in `call'
actionpack (7.0.4) lib/action_dispatch/http/permissions_policy.rb:38:in `call'
actionpack (7.0.4) lib/action_dispatch/http/content_security_policy.rb:36:in `call'
rack (2.2.5) lib/rack/session/abstract/id.rb:266:in `context'
rack (2.2.5) lib/rack/session/abstract/id.rb:260:in `call'
actionpack (7.0.4) lib/action_dispatch/middleware/cookies.rb:696:in `call'
activerecord (7.0.4) lib/active_record/migration.rb:603:in `call'
actionpack (7.0.4) lib/action_dispatch/middleware/callbacks.rb:27:in `block in call'
activesupport (7.0.4) lib/active_support/callbacks.rb:99:in `run_callbacks'
actionpack (7.0.4) lib/action_dispatch/middleware/callbacks.rb:26:in `call'
actionpack (7.0.4) lib/action_dispatch/middleware/executor.rb:14:in `call'
actionpack (7.0.4) lib/action_dispatch/middleware/actionable_exceptions.rb:17:in `call'
actionpack (7.0.4) lib/action_dispatch/middleware/debug_exceptions.rb:28:in `call'
web-console (4.2.0) lib/web_console/middleware.rb:132:in `call_app'
web-console (4.2.0) lib/web_console/middleware.rb:28:in `block in call'
web-console (4.2.0) lib/web_console/middleware.rb:17:in `catch'
web-console (4.2.0) lib/web_console/middleware.rb:17:in `call'
actionpack (7.0.4) lib/action_dispatch/middleware/show_exceptions.rb:26:in `call'
railties (7.0.4) lib/rails/rack/logger.rb:40:in `call_app'
railties (7.0.4) lib/rails/rack/logger.rb:25:in `block in call'
activesupport (7.0.4) lib/active_support/tagged_logging.rb:99:in `block in tagged'
activesupport (7.0.4) lib/active_support/tagged_logging.rb:37:in `tagged'
activesupport (7.0.4) lib/active_support/tagged_logging.rb:99:in `tagged'
railties (7.0.4) lib/rails/rack/logger.rb:25:in `call'
sprockets-rails (3.4.2) lib/sprockets/rails/quiet_assets.rb:13:in `call'
actionpack (7.0.4) lib/action_dispatch/middleware/remote_ip.rb:93:in `call'
actionpack (7.0.4) lib/action_dispatch/middleware/request_id.rb:26:in `call'
rack (2.2.5) lib/rack/method_override.rb:24:in `call'
rack (2.2.5) lib/rack/runtime.rb:22:in `call'
activesupport (7.0.4) lib/active_support/cache/strategy/local_cache_middleware.rb:29:in `call'
actionpack (7.0.4) lib/action_dispatch/middleware/server_timing.rb:61:in `block in call'
actionpack (7.0.4) lib/action_dispatch/middleware/server_timing.rb:26:in `collect_events'
actionpack (7.0.4) lib/action_dispatch/middleware/server_timing.rb:60:in `call'
actionpack (7.0.4) lib/action_dispatch/middleware/executor.rb:14:in `call'
actionpack (7.0.4) lib/action_dispatch/middleware/static.rb:23:in `call'
rack (2.2.5) lib/rack/sendfile.rb:110:in `call'
actionpack (7.0.4) lib/action_dispatch/middleware/host_authorization.rb:137:in `call'
railties (7.0.4) lib/rails/engine.rb:530:in `call'
puma (5.6.5) lib/puma/configuration.rb:252:in `call'
puma (5.6.5) lib/puma/request.rb:77:in `block in handle_request'
puma (5.6.5) lib/puma/thread_pool.rb:340:in `with_force_shutdown'
puma (5.6.5) lib/puma/request.rb:76:in `handle_request'
puma (5.6.5) lib/puma/server.rb:443:in `process_client'
puma (5.6.5) lib/puma/thread_pool.rb:147:in `block in spawn_thread'
Started GET "/ola" for 127.0.0.1 at 2022-12-28 15:30:10 -0300
Processing by HomeController#ola as HTML
  Rendering text template
  Rendered text template (Duration: 0.1ms | Allocations: 5)
Completed 200 OK in 30ms (Views: 27.2ms | Allocations: 739)


Started GET "/ola" for 127.0.0.1 at 2022-12-28 15:30:16 -0300
Processing by HomeController#ola as HTML
  Rendering text template
  Rendered text template (Duration: 0.1ms | Allocations: 4)
Completed 200 OK in 20ms (Views: 10.7ms | Allocations: 531)


Started GET "/ola" for 127.0.0.1 at 2022-12-28 15:30:27 -0300
Processing by HomeController#ola as HTML
  Rendering text template
  Rendered text template (Duration: 0.1ms | Allocations: 4)
Completed 200 OK in 14ms (Views: 5.1ms | Allocations: 530)


Started GET "/ola" for 127.0.0.1 at 2022-12-28 15:30:28 -0300
Processing by HomeController#ola as HTML
  Rendering text template
  Rendered text template (Duration: 0.3ms | Allocations: 5)
Completed 200 OK in 7ms (Views: 2.5ms | Allocations: 175)


Started GET "/ola" for 127.0.0.1 at 2022-12-28 15:30:29 -0300
Processing by HomeController#ola as HTML
  Rendering text template
  Rendered text template (Duration: 0.1ms | Allocations: 4)
Completed 200 OK in 8ms (Views: 3.4ms | Allocations: 173)


Started GET "/ola" for 127.0.0.1 at 2022-12-28 15:30:29 -0300
Processing by HomeController#ola as HTML
  Rendering text template
  Rendered text template (Duration: 0.3ms | Allocations: 4)
Completed 200 OK in 19ms (Views: 14.6ms | Allocations: 173)


Started GET "/ola" for 127.0.0.1 at 2022-12-28 15:34:39 -0300
  
ActionController::RoutingError (No route matches [GET] "/ola"):
  
Started GET "/" for 127.0.0.1 at 2022-12-28 15:35:04 -0300
Processing by HomeController#index as HTML
  Rendering text template
  Rendered text template (Duration: 0.1ms | Allocations: 4)
Completed 200 OK in 7ms (Views: 2.7ms | Allocations: 530)


Started GET "/" for 127.0.0.1 at 2022-12-28 15:35:13 -0300
Processing by HomeController#index as HTML
  Rendering text template
  Rendered text template (Duration: 0.2ms | Allocations: 4)
Completed 200 OK in 8ms (Views: 4.7ms | Allocations: 530)


Started GET "/" for 127.0.0.1 at 2022-12-28 15:36:45 -0300
Processing by HomeController#index as HTML
  Rendering text template
  Rendered text template (Duration: 0.1ms | Allocations: 4)
Completed 200 OK in 4ms (Views: 1.8ms | Allocations: 531)


Started GET "/" for 127.0.0.1 at 2022-12-28 15:36:46 -0300
Processing by HomeController#index as HTML
  Rendering text template
  Rendered text template (Duration: 0.1ms | Allocations: 4)
Completed 200 OK in 7ms (Views: 1.4ms | Allocations: 175)


Started GET "/" for 127.0.0.1 at 2022-12-28 15:39:12 -0300
Processing by HomeController#index as HTML
Completed 500 Internal Server Error in 13ms (Allocations: 1402)


  
ActionView::MissingTemplate (Missing template home/index, application/index with {:locale=>[:en], :formats=>[:html], :variants=>[], :handlers=>[:raw, :erb, :html, :builder, :ruby, :jbuilder]}.

Searched in:
  * "/media/valdenio/HD Externo/Minha-Pasta/Receitas/livro-de-receitas/cookbook/app/views"
  * "/var/lib/gems/2.7.0/gems/actiontext-7.0.4/app/views"

Did you mean?  layouts/mailer
               /index
               layouts/application):
  
app/controllers/home_controller.rb:3:in `index'
Started GET "/" for 127.0.0.1 at 2022-12-28 15:39:28 -0300
Processing by HomeController#index as HTML
Completed 500 Internal Server Error in 11ms (Allocations: 1299)


  
ActionView::MissingTemplate (Missing template /index! with {:locale=>[:en], :formats=>[:html], :variants=>[], :handlers=>[:raw, :erb, :html, :builder, :ruby, :jbuilder]}.

Searched in:
  * "/media/valdenio/HD Externo/Minha-Pasta/Receitas/livro-de-receitas/cookbook/app/views"
  * "/var/lib/gems/2.7.0/gems/actiontext-7.0.4/app/views"

Did you mean?  /index
               layouts/mailer
               layouts/application):
  
app/controllers/home_controller.rb:3:in `index'
Started GET "/" for 127.0.0.1 at 2022-12-28 15:39:34 -0300
Processing by HomeController#index as HTML
  Rendering layout layouts/application.html.erb
  Rendering index.html.erb within layouts/application
  Rendered index.html.erb within layouts/application (Duration: 3.3ms | Allocations: 100)
  Rendered layout layouts/application.html.erb (Duration: 818.2ms | Allocations: 105944)
Completed 200 OK in 828ms (Views: 825.4ms | Allocations: 106724)


Started GET "/" for 127.0.0.1 at 2022-12-28 15:39:46 -0300
Processing by HomeController#index as HTML
  Rendering layout layouts/application.html.erb
  Rendering index.html.erb within layouts/application
  Rendered index.html.erb within layouts/application (Duration: 0.1ms | Allocations: 7)
  Rendered layout layouts/application.html.erb (Duration: 21.8ms | Allocations: 2488)
Completed 200 OK in 28ms (Views: 24.5ms | Allocations: 2717)


Started GET "/" for 127.0.0.1 at 2022-12-28 15:39:57 -0300
Processing by HomeController#index as HTML
  Rendering layout layouts/application.html.erb
  Rendering index.html.erb within layouts/application
  Rendered index.html.erb within layouts/application (Duration: 2.2ms | Allocations: 112)
  Rendered layout layouts/application.html.erb (Duration: 23.2ms | Allocations: 2815)
Completed 200 OK in 40ms (Views: 36.6ms | Allocations: 3645)


Started GET "/" for 127.0.0.1 at 2022-12-28 15:40:30 -0300
Processing by HomeController#index as HTML
  Rendering layout layouts/application.html.erb
  Rendering index.html.erb within layouts/application
  Rendered index.html.erb within layouts/application (Duration: 3.7ms | Allocations: 108)
  Rendered layout layouts/application.html.erb (Duration: 35.8ms | Allocations: 2819)
Completed 200 OK in 47ms (Views: 44.3ms | Allocations: 3649)


Started GET "/" for 127.0.0.1 at 2022-12-28 15:40:55 -0300
Processing by HomeController#index as HTML
Completed 406 Not Acceptable in 6ms (Allocations: 595)


  
ActionController::MissingExactTemplate (HomeController#index is missing a template for request formats: text/html):
  
actionpack (7.0.4) lib/action_controller/metal/implicit_render.rb:45:in `default_render'
actionpack (7.0.4) lib/action_controller/metal/basic_implicit_render.rb:6:in `block in send_action'
actionpack (7.0.4) lib/action_controller/metal/basic_implicit_render.rb:6:in `tap'
actionpack (7.0.4) lib/action_controller/metal/basic_implicit_render.rb:6:in `send_action'
actionpack (7.0.4) lib/abstract_controller/base.rb:215:in `process_action'
actionpack (7.0.4) lib/action_controller/metal/rendering.rb:53:in `process_action'
actionpack (7.0.4) lib/abstract_controller/callbacks.rb:234:in `block in process_action'
activesupport (7.0.4) lib/active_support/callbacks.rb:118:in `block in run_callbacks'
actiontext (7.0.4) lib/action_text/rendering.rb:20:in `with_renderer'
actiontext (7.0.4) lib/action_text/engine.rb:69:in `block (4 levels) in <class:Engine>'
activesupport (7.0.4) lib/active_support/callbacks.rb:127:in `instance_exec'
activesupport (7.0.4) lib/active_support/callbacks.rb:127:in `block in run_callbacks'
activesupport (7.0.4) lib/active_support/callbacks.rb:138:in `run_callbacks'
actionpack (7.0.4) lib/abstract_controller/callbacks.rb:233:in `process_action'
actionpack (7.0.4) lib/action_controller/metal/rescue.rb:22:in `process_action'
actionpack (7.0.4) lib/action_controller/metal/instrumentation.rb:67:in `block in process_action'
activesupport (7.0.4) lib/active_support/notifications.rb:206:in `block in instrument'
activesupport (7.0.4) lib/active_support/notifications/instrumenter.rb:24:in `instrument'
activesupport (7.0.4) lib/active_support/notifications.rb:206:in `instrument'
actionpack (7.0.4) lib/action_controller/metal/instrumentation.rb:66:in `process_action'
actionpack (7.0.4) lib/action_controller/metal/params_wrapper.rb:259:in `process_action'
activerecord (7.0.4) lib/active_record/railties/controller_runtime.rb:27:in `process_action'
actionpack (7.0.4) lib/abstract_controller/base.rb:151:in `process'
actionview (7.0.4) lib/action_view/rendering.rb:39:in `process'
actionpack (7.0.4) lib/action_controller/metal.rb:188:in `dispatch'
actionpack (7.0.4) lib/action_controller/metal.rb:251:in `dispatch'
actionpack (7.0.4) lib/action_dispatch/routing/route_set.rb:49:in `dispatch'
actionpack (7.0.4) lib/action_dispatch/routing/route_set.rb:32:in `serve'
actionpack (7.0.4) lib/action_dispatch/journey/router.rb:50:in `block in serve'
actionpack (7.0.4) lib/action_dispatch/journey/router.rb:32:in `each'
actionpack (7.0.4) lib/action_dispatch/journey/router.rb:32:in `serve'
actionpack (7.0.4) lib/action_dispatch/routing/route_set.rb:852:in `call'
rack (2.2.5) lib/rack/tempfile_reaper.rb:15:in `call'
rack (2.2.5) lib/rack/etag.rb:27:in `call'
rack (2.2.5) lib/rack/conditional_get.rb:27:in `call'
rack (2.2.5) lib/rack/head.rb:12:in `call'
actionpack (7.0.4) lib/action_dispatch/http/permissions_policy.rb:38:in `call'
actionpack (7.0.4) lib/action_dispatch/http/content_security_policy.rb:36:in `call'
rack (2.2.5) lib/rack/session/abstract/id.rb:266:in `context'
rack (2.2.5) lib/rack/session/abstract/id.rb:260:in `call'
actionpack (7.0.4) lib/action_dispatch/middleware/cookies.rb:696:in `call'
activerecord (7.0.4) lib/active_record/migration.rb:603:in `call'
actionpack (7.0.4) lib/action_dispatch/middleware/callbacks.rb:27:in `block in call'
activesupport (7.0.4) lib/active_support/callbacks.rb:99:in `run_callbacks'
actionpack (7.0.4) lib/action_dispatch/middleware/callbacks.rb:26:in `call'
actionpack (7.0.4) lib/action_dispatch/middleware/executor.rb:14:in `call'
actionpack (7.0.4) lib/action_dispatch/middleware/actionable_exceptions.rb:17:in `call'
actionpack (7.0.4) lib/action_dispatch/middleware/debug_exceptions.rb:28:in `call'
web-console (4.2.0) lib/web_console/middleware.rb:132:in `call_app'
web-console (4.2.0) lib/web_console/middleware.rb:28:in `block in call'
web-console (4.2.0) lib/web_console/middleware.rb:17:in `catch'
web-console (4.2.0) lib/web_console/middleware.rb:17:in `call'
actionpack (7.0.4) lib/action_dispatch/middleware/show_exceptions.rb:26:in `call'
railties (7.0.4) lib/rails/rack/logger.rb:40:in `call_app'
railties (7.0.4) lib/rails/rack/logger.rb:25:in `block in call'
activesupport (7.0.4) lib/active_support/tagged_logging.rb:99:in `block in tagged'
activesupport (7.0.4) lib/active_support/tagged_logging.rb:37:in `tagged'
activesupport (7.0.4) lib/active_support/tagged_logging.rb:99:in `tagged'
railties (7.0.4) lib/rails/rack/logger.rb:25:in `call'
sprockets-rails (3.4.2) lib/sprockets/rails/quiet_assets.rb:13:in `call'
actionpack (7.0.4) lib/action_dispatch/middleware/remote_ip.rb:93:in `call'
actionpack (7.0.4) lib/action_dispatch/middleware/request_id.rb:26:in `call'
rack (2.2.5) lib/rack/method_override.rb:24:in `call'
rack (2.2.5) lib/rack/runtime.rb:22:in `call'
activesupport (7.0.4) lib/active_support/cache/strategy/local_cache_middleware.rb:29:in `call'
actionpack (7.0.4) lib/action_dispatch/middleware/server_timing.rb:61:in `block in call'
actionpack (7.0.4) lib/action_dispatch/middleware/server_timing.rb:26:in `collect_events'
actionpack (7.0.4) lib/action_dispatch/middleware/server_timing.rb:60:in `call'
actionpack (7.0.4) lib/action_dispatch/middleware/executor.rb:14:in `call'
actionpack (7.0.4) lib/action_dispatch/middleware/static.rb:23:in `call'
rack (2.2.5) lib/rack/sendfile.rb:110:in `call'
actionpack (7.0.4) lib/action_dispatch/middleware/host_authorization.rb:137:in `call'
railties (7.0.4) lib/rails/engine.rb:530:in `call'
puma (5.6.5) lib/puma/configuration.rb:252:in `call'
puma (5.6.5) lib/puma/request.rb:77:in `block in handle_request'
puma (5.6.5) lib/puma/thread_pool.rb:340:in `with_force_shutdown'
puma (5.6.5) lib/puma/request.rb:76:in `handle_request'
puma (5.6.5) lib/puma/server.rb:443:in `process_client'
puma (5.6.5) lib/puma/thread_pool.rb:147:in `block in spawn_thread'
Started GET "/" for 127.0.0.1 at 2022-12-28 15:42:28 -0300
Processing by HomeController#index as HTML
  Rendering layout layouts/application.html.erb
  Rendering home/index.html.erb within layouts/application
  Rendered home/index.html.erb within layouts/application (Duration: 4.3ms | Allocations: 108)
  Rendered layout layouts/application.html.erb (Duration: 85.5ms | Allocations: 15352)
Completed 200 OK in 102ms (Views: 93.2ms | Allocations: 16197)


Started GET "/" for 127.0.0.1 at 2022-12-28 15:47:33 -0300
Processing by HomeController#index as HTML
Completed 500 Internal Server Error in 13ms (Allocations: 504)


  
ArgumentError (wrong number of arguments (given 2, expected 0; required keywords: name, recipe_type)):
  
app/models/recipe.rb:5:in `initialize'
app/controllers/home_controller.rb:3:in `new'
app/controllers/home_controller.rb:3:in `index'
Started GET "/" for 127.0.0.1 at 2022-12-28 15:48:05 -0300
Processing by HomeController#index as HTML
  Rendering layout layouts/application.html.erb
  Rendering home/index.html.erb within layouts/application
  Rendered home/index.html.erb within layouts/application (Duration: 0.3ms | Allocations: 7)
  Rendered layout layouts/application.html.erb (Duration: 78.5ms | Allocations: 15021)
Completed 200 OK in 99ms (Views: 92.3ms | Allocations: 15688)


Started GET "/" for 127.0.0.1 at 2022-12-28 15:48:07 -0300
Processing by HomeController#index as HTML
  Rendering layout layouts/application.html.erb
  Rendering home/index.html.erb within layouts/application
  Rendered home/index.html.erb within layouts/application (Duration: 0.1ms | Allocations: 7)
  Rendered layout layouts/application.html.erb (Duration: 17.3ms | Allocations: 2484)
Completed 200 OK in 23ms (Views: 19.3ms | Allocations: 2726)


Started GET "/" for 127.0.0.1 at 2022-12-28 15:49:44 -0300
Processing by HomeController#index as HTML
  Rendering layout layouts/application.html.erb
  Rendering home/index.html.erb within layouts/application
  Rendered home/index.html.erb within layouts/application (Duration: 2.3ms | Allocations: 126)
  Rendered layout layouts/application.html.erb (Duration: 103.0ms | Allocations: 15346)
Completed 200 OK in 122ms (Views: 111.1ms | Allocations: 16271)


Started GET "/" for 127.0.0.1 at 2022-12-28 15:50:01 -0300
Processing by HomeController#index as HTML
  Rendering layout layouts/application.html.erb
  Rendering home/index.html.erb within layouts/application
  Rendered home/index.html.erb within layouts/application (Duration: 2.7ms | Allocations: 145)
  Rendered layout layouts/application.html.erb (Duration: 22.8ms | Allocations: 2861)
Completed 200 OK in 42ms (Views: 33.6ms | Allocations: 3711)


Started GET "/" for 127.0.0.1 at 2022-12-28 15:50:07 -0300
Processing by HomeController#index as HTML
  Rendering layout layouts/application.html.erb
  Rendering home/index.html.erb within layouts/application
  Rendered home/index.html.erb within layouts/application (Duration: 1.9ms | Allocations: 142)
  Rendered layout layouts/application.html.erb (Duration: 24.7ms | Allocations: 2863)
Completed 200 OK in 39ms (Views: 34.9ms | Allocations: 3713)


Started GET "/" for 127.0.0.1 at 2022-12-28 15:52:06 -0300
Processing by HomeController#index as HTML
  Rendering layout layouts/application.html.erb
  Rendering home/index.html.erb within layouts/application
  Rendered home/index.html.erb within layouts/application (Duration: 9.4ms | Allocations: 1559)
  Rendered layout layouts/application.html.erb (Duration: 10.4ms | Allocations: 1626)
Completed 500 Internal Server Error in 19ms (Allocations: 2452)


  
ActionView::Template::Error (undefined method `each' for #<Recipe:0x00007f67e820f678>):
    1: <h1>Livro de Receitas</h1>
    2: 
    3: <%@recipe.each do | recipe | %>
    4: 
    5: <% end %>%
  
app/views/home/index.html.erb:3
Started GET "/" for 127.0.0.1 at 2022-12-28 15:54:32 -0300
Processing by HomeController#index as HTML
  Rendering layout layouts/application.html.erb
  Rendering home/index.html.erb within layouts/application
  Rendered home/index.html.erb within layouts/application (Duration: 7.6ms | Allocations: 1598)
  Rendered layout layouts/application.html.erb (Duration: 8.9ms | Allocations: 1665)
Completed 500 Internal Server Error in 21ms (Allocations: 2491)


  
ActionView::Template::Error (undefined method `each' for #<Recipe:0x00007f67f88f2f20>):
    1: <h1>Livro de Receitas</h1>
    2: 
    3: <dl>
    4: <%@recipe.each do | recipe | %>
    5: <dt><%= recipe.name %></dt>
    6: <dd><%= recipe.recipe_type %></dd>
    7: 
  
app/views/home/index.html.erb:4
Started GET "/" for 127.0.0.1 at 2022-12-28 15:55:04 -0300
Processing by HomeController#index as HTML
  Rendering layout layouts/application.html.erb
  Rendering home/index.html.erb within layouts/application
  Rendered home/index.html.erb within layouts/application (Duration: 3.2ms | Allocations: 1384)
  Rendered layout layouts/application.html.erb (Duration: 4.1ms | Allocations: 1451)
Completed 500 Internal Server Error in 13ms (Allocations: 2099)


  
ActionView::Template::Error (undefined method `each' for nil:NilClass):
    1: <h1>Livro de Receitas</h1>
    2: 
    3: <dl>
    4: <%@recipe.each do | recipe | %>
    5: <dt><%= recipe.name %></dt>
    6: <dd><%= recipe.recipe_type %></dd>
    7: 
  
app/views/home/index.html.erb:4
Started GET "/" for 127.0.0.1 at 2022-12-28 15:55:23 -0300
Processing by HomeController#index as HTML
  Rendering layout layouts/application.html.erb
  Rendering home/index.html.erb within layouts/application
  Rendered home/index.html.erb within layouts/application (Duration: 23.8ms | Allocations: 4135)
  Rendered layout layouts/application.html.erb (Duration: 25.0ms | Allocations: 4202)
Completed 500 Internal Server Error in 34ms (Allocations: 5031)


  
ActionView::Template::Error (undefined local variable or method `recipe' for #<ActionView::Base:0x00000000024798>):
    1: <h1>Livro de Receitas</h1>
    2: 
    3: <dl>
    4: <%recipe.each do | recipe | %>
    5: <dt><%= recipe.name %></dt>
    6: <dd><%= recipe.recipe_type %></dd>
    7: 
  
app/views/home/index.html.erb:4
Started GET "/" for 127.0.0.1 at 2022-12-28 15:55:39 -0300
Processing by HomeController#index as HTML
  Rendering layout layouts/application.html.erb
  Rendering home/index.html.erb within layouts/application
  Rendered home/index.html.erb within layouts/application (Duration: 8.2ms | Allocations: 1627)
  Rendered layout layouts/application.html.erb (Duration: 12.3ms | Allocations: 1694)
Completed 500 Internal Server Error in 27ms (Allocations: 2523)


  
ActionView::Template::Error (undefined method `each' for nil:NilClass):
    1: <h1>Livro de Receitas</h1>
    2: 
    3: <dl>
    4: <% @recipe.each do | recipe | %>
    5: <dt><%= recipe.name %></dt>
    6: <dd><%= recipe.recipe_type %></dd>
    7: 
  
app/views/home/index.html.erb:4
Started GET "/" for 127.0.0.1 at 2022-12-28 15:56:45 -0300
Processing by HomeController#index as HTML
  Rendering layout layouts/application.html.erb
  Rendering home/index.html.erb within layouts/application
  Rendered home/index.html.erb within layouts/application (Duration: 12.4ms | Allocations: 1633)
  Rendered layout layouts/application.html.erb (Duration: 13.6ms | Allocations: 1700)
Completed 500 Internal Server Error in 25ms (Allocations: 2529)


  
ActionView::Template::Error (undefined method `each' for nil:NilClass):
    1: <h1>Livro de Receitas</h1>
    2: 
    3: <dl>
    4:     <% @recipe.each do | recipe | %>
    5:     <dt><%= recipe.name %></dt>
    6:     <dd><%= recipe.recipe_type %></dd>
    7: 
  
app/views/home/index.html.erb:4
Started GET "/" for 127.0.0.1 at 2022-12-28 15:57:17 -0300
Processing by HomeController#index as HTML
  Rendering layout layouts/application.html.erb
  Rendering home/index.html.erb within layouts/application
  Rendered home/index.html.erb within layouts/application (Duration: 7.4ms | Allocations: 1579)
  Rendered layout layouts/application.html.erb (Duration: 8.8ms | Allocations: 1646)
Completed 500 Internal Server Error in 37ms (Allocations: 2549)


  
ActionView::Template::Error (undefined method `each' for nil:NilClass):
    1: <h1>Livro de Receitas</h1>
    2: 
    3: <dl>
    4:     <% @recipes.each do | recipe | %>
    5:     <dt><%= recipe.name %></dt>
    6:     <dd><%= recipe.recipe_type %></dd>
    7: 
  
app/views/home/index.html.erb:4
Started GET "/" for 127.0.0.1 at 2022-12-28 15:58:24 -0300
Processing by HomeController#index as HTML
  Rendering layout layouts/application.html.erb
  Rendering home/index.html.erb within layouts/application
  Rendered home/index.html.erb within layouts/application (Duration: 4.6ms | Allocations: 207)
  Rendered layout layouts/application.html.erb (Duration: 76.5ms | Allocations: 15464)
Completed 200 OK in 91ms (Views: 80.8ms | Allocations: 16393)


Started GET "/" for 127.0.0.1 at 2022-12-28 15:58:35 -0300
Processing by HomeController#index as HTML
  Rendering layout layouts/application.html.erb
  Rendering home/index.html.erb within layouts/application
  Rendered home/index.html.erb within layouts/application (Duration: 0.3ms | Allocations: 11)
  Rendered layout layouts/application.html.erb (Duration: 84.0ms | Allocations: 14914)
Completed 200 OK in 100ms (Views: 89.6ms | Allocations: 15587)


Started GET "/" for 127.0.0.1 at 2022-12-28 16:10:47 -0300
Processing by HomeController#index as HTML
Completed 500 Internal Server Error in 52ms (ActiveRecord: 0.0ms | Allocations: 4534)


  
NameError (uninitialized constant HomeController::Recipe):
  
app/controllers/home_controller.rb:3:in `index'
Started GET "/" for 127.0.0.1 at 2022-12-28 16:10:51 -0300
Processing by HomeController#index as HTML
Completed 500 Internal Server Error in 17ms (ActiveRecord: 0.0ms | Allocations: 2187)


  
NameError (uninitialized constant HomeController::Recipe):
  
app/controllers/home_controller.rb:3:in `index'
Started GET "/" for 127.0.0.1 at 2022-12-28 16:13:42 -0300
  [1m[35m (129.7ms)[0m  [1m[35mCREATE TABLE "schema_migrations" ("version" varchar NOT NULL PRIMARY KEY)[0m
  [1m[35m (183.7ms)[0m  [1m[35mCREATE TABLE "ar_internal_metadata" ("key" varchar NOT NULL PRIMARY KEY, "value" varchar, "created_at" datetime(6) NOT NULL, "updated_at" datetime(6) NOT NULL)[0m
  [1m[36mActiveRecord::SchemaMigration Pluck (0.7ms)[0m  [1m[34mSELECT "schema_migrations"."version" FROM "schema_migrations" ORDER BY "schema_migrations"."version" ASC[0m
  
ActiveRecord::PendingMigrationError (

Migrations are pending. To resolve this issue, run:

        bin/rails db:migrate RAILS_ENV=development

You have 1 pending migration:

20221228191336_create_recipes.rb


):
  
activerecord (7.0.4) lib/active_record/migration.rb:627:in `check_pending!'
activerecord (7.0.4) lib/active_record/migration.rb:592:in `block (2 levels) in call'
activesupport (7.0.4) lib/active_support/file_update_checker.rb:83:in `execute'
activesupport (7.0.4) lib/active_support/file_update_checker.rb:93:in `execute_if_updated'
activerecord (7.0.4) lib/active_record/migration.rb:599:in `block in call'
activerecord (7.0.4) lib/active_record/migration.rb:589:in `synchronize'
activerecord (7.0.4) lib/active_record/migration.rb:589:in `call'
actionpack (7.0.4) lib/action_dispatch/middleware/callbacks.rb:27:in `block in call'
activesupport (7.0.4) lib/active_support/callbacks.rb:99:in `run_callbacks'
actionpack (7.0.4) lib/action_dispatch/middleware/callbacks.rb:26:in `call'
actionpack (7.0.4) lib/action_dispatch/middleware/executor.rb:14:in `call'
actionpack (7.0.4) lib/action_dispatch/middleware/actionable_exceptions.rb:17:in `call'
actionpack (7.0.4) lib/action_dispatch/middleware/debug_exceptions.rb:28:in `call'
web-console (4.2.0) lib/web_console/middleware.rb:132:in `call_app'
web-console (4.2.0) lib/web_console/middleware.rb:28:in `block in call'
web-console (4.2.0) lib/web_console/middleware.rb:17:in `catch'
web-console (4.2.0) lib/web_console/middleware.rb:17:in `call'
actionpack (7.0.4) lib/action_dispatch/middleware/show_exceptions.rb:26:in `call'
railties (7.0.4) lib/rails/rack/logger.rb:40:in `call_app'
railties (7.0.4) lib/rails/rack/logger.rb:25:in `block in call'
activesupport (7.0.4) lib/active_support/tagged_logging.rb:99:in `block in tagged'
activesupport (7.0.4) lib/active_support/tagged_logging.rb:37:in `tagged'
activesupport (7.0.4) lib/active_support/tagged_logging.rb:99:in `tagged'
railties (7.0.4) lib/rails/rack/logger.rb:25:in `call'
sprockets-rails (3.4.2) lib/sprockets/rails/quiet_assets.rb:13:in `call'
actionpack (7.0.4) lib/action_dispatch/middleware/remote_ip.rb:93:in `call'
actionpack (7.0.4) lib/action_dispatch/middleware/request_id.rb:26:in `call'
rack (2.2.5) lib/rack/method_override.rb:24:in `call'
rack (2.2.5) lib/rack/runtime.rb:22:in `call'
activesupport (7.0.4) lib/active_support/cache/strategy/local_cache_middleware.rb:29:in `call'
actionpack (7.0.4) lib/action_dispatch/middleware/server_timing.rb:61:in `block in call'
actionpack (7.0.4) lib/action_dispatch/middleware/server_timing.rb:26:in `collect_events'
actionpack (7.0.4) lib/action_dispatch/middleware/server_timing.rb:60:in `call'
actionpack (7.0.4) lib/action_dispatch/middleware/executor.rb:14:in `call'
actionpack (7.0.4) lib/action_dispatch/middleware/static.rb:23:in `call'
rack (2.2.5) lib/rack/sendfile.rb:110:in `call'
actionpack (7.0.4) lib/action_dispatch/middleware/host_authorization.rb:137:in `call'
railties (7.0.4) lib/rails/engine.rb:530:in `call'
puma (5.6.5) lib/puma/configuration.rb:252:in `call'
puma (5.6.5) lib/puma/request.rb:77:in `block in handle_request'
puma (5.6.5) lib/puma/thread_pool.rb:340:in `with_force_shutdown'
puma (5.6.5) lib/puma/request.rb:76:in `handle_request'
puma (5.6.5) lib/puma/server.rb:443:in `process_client'
puma (5.6.5) lib/puma/thread_pool.rb:147:in `block in spawn_thread'
  [1m[36mActiveRecord::SchemaMigration Pluck (0.6ms)[0m  [1m[34mSELECT "schema_migrations"."version" FROM "schema_migrations" ORDER BY "schema_migrations"."version" ASC[0m
  [1m[36mActiveRecord::SchemaMigration Pluck (0.8ms)[0m  [1m[34mSELECT "schema_migrations"."version" FROM "schema_migrations" ORDER BY "schema_migrations"."version" ASC[0m
Migrating to CreateRecipes (20221228191336)
  [1m[36mTRANSACTION (0.1ms)[0m  [1m[36mbegin transaction[0m
  [1m[35m (1.7ms)[0m  [1m[35mCREATE TABLE "recipes" ("id" integer PRIMARY KEY AUTOINCREMENT NOT NULL, "name" varchar, "created_at" datetime(6) NOT NULL, "updated_at" datetime(6) NOT NULL)[0m
  [1m[36mActiveRecord::SchemaMigration Create (1.8ms)[0m  [1m[32mINSERT INTO "schema_migrations" ("version") VALUES (?)[0m  [["version", "20221228191336"]]
  [1m[36mTRANSACTION (28.0ms)[0m  [1m[36mcommit transaction[0m
  [1m[36mActiveRecord::InternalMetadata Load (0.8ms)[0m  [1m[34mSELECT "ar_internal_metadata".* FROM "ar_internal_metadata" WHERE "ar_internal_metadata"."key" = ? LIMIT ?[0m  [["key", "environment"], ["LIMIT", 1]]
  [1m[36mTRANSACTION (0.1ms)[0m  [1m[36mbegin transaction[0m
  [1m[36mActiveRecord::InternalMetadata Create (2.1ms)[0m  [1m[32mINSERT INTO "ar_internal_metadata" ("key", "value", "created_at", "updated_at") VALUES (?, ?, ?, ?)[0m  [["key", "environment"], ["value", "development"], ["created_at", "2022-12-28 19:15:59.971866"], ["updated_at", "2022-12-28 19:15:59.971866"]]
  [1m[36mTRANSACTION (14.7ms)[0m  [1m[36mcommit transaction[0m
  [1m[36mActiveRecord::SchemaMigration Pluck (0.7ms)[0m  [1m[34mSELECT "schema_migrations"."version" FROM "schema_migrations" ORDER BY "schema_migrations"."version" ASC[0m
Started GET "/" for 127.0.0.1 at 2022-12-28 16:18:02 -0300
  [1m[36mActiveRecord::SchemaMigration Pluck (0.6ms)[0m  [1m[34mSELECT "schema_migrations"."version" FROM "schema_migrations" ORDER BY "schema_migrations"."version" ASC[0m
Processing by HomeController#index as HTML
Completed 500 Internal Server Error in 36ms (ActiveRecord: 3.8ms | Allocations: 15947)


  
ActiveModel::UnknownAttributeError (unknown attribute 'recipe_type' for Recipe.):
  
app/controllers/home_controller.rb:3:in `index'
Started GET "/" for 127.0.0.1 at 2022-12-28 16:18:33 -0300
Processing by HomeController#index as HTML
  Rendering layout layouts/application.html.erb
  Rendering home/index.html.erb within layouts/application
  Rendered home/index.html.erb within layouts/application (Duration: 19.0ms | Allocations: 3074)
  Rendered layout layouts/application.html.erb (Duration: 19.8ms | Allocations: 3141)
Completed 500 Internal Server Error in 54ms (ActiveRecord: 2.6ms | Allocations: 5652)


  
ActionView::Template::Error (undefined method `recipe_type' for #<Recipe:0x00007f36353715c8>):
    3: <dl>
    4:     <% @recipes.each do | recipe | %>
    5:       <dt><%= recipe.name %></dt>
    6:       <dd><%= recipe.recipe_type %></dd>
    7: 
    8:     <% end %>
    9: </dl>
  
app/views/home/index.html.erb:6
app/views/home/index.html.erb:4:in `each'
app/views/home/index.html.erb:4
Started GET "/" for 127.0.0.1 at 2022-12-28 16:18:50 -0300
Processing by HomeController#index as HTML
  Rendering layout layouts/application.html.erb
  Rendering home/index.html.erb within layouts/application
  Rendered home/index.html.erb within layouts/application (Duration: 1.6ms | Allocations: 191)
  Rendered layout layouts/application.html.erb (Duration: 357.4ms | Allocations: 46154)
Completed 200 OK in 367ms (Views: 361.1ms | ActiveRecord: 0.0ms | Allocations: 47046)


